# JRE version: Java(TM) SE Runtime Environment (8.0_51-b16) (build 1.8.0_51-b16)
# Java VM: Java HotSpot(TM) 64-Bit Server VM (25.51-b03 mixed mode windows-amd64 compressed oops)
Heap:
 PSYoungGen      total 105472K, used 56370K [0x00000000eb000000, 0x00000000f3c00000, 0x0000000100000000)
  eden space 99328K, 50% used [0x00000000eb000000,0x00000000ee133f78,0x00000000f1100000)
  from space 6144K, 97% used [0x00000000f3600000,0x00000000f3bd8950,0x00000000f3c00000)
  to   space 7680K, 0% used [0x00000000f2d00000,0x00000000f2d00000,0x00000000f3480000)
 ParOldGen       total 37376K, used 9974K [0x00000000c1000000, 0x00000000c3480000, 0x00000000eb000000)
  object space 37376K, 26% used [0x00000000c1000000,0x00000000c19bd910,0x00000000c3480000)
 Metaspace       used 29975K, capacity 30160K, committed 30336K, reserved 1075200K
  class space    used 3831K, capacity 3911K, committed 3968K, reserved 1048576K
GC Heap History (10 events):
Event: 2.758 GC heap before
{Heap before GC invocations=5 (full 0):
 PSYoungGen      total 35328K, used 35306K [0x00000000eb000000, 0x00000000ed500000, 0x0000000100000000)
  eden space 32768K, 99% used [0x00000000eb000000,0x00000000ecffabf8,0x00000000ed000000)
  from space 2560K, 100% used [0x00000000ed280000,0x00000000ed500000,0x00000000ed500000)
  to   space 2560K, 0% used [0x00000000ed000000,0x00000000ed000000,0x00000000ed280000)
 ParOldGen       total 44032K, used 3118K [0x00000000c1000000, 0x00000000c3b00000, 0x00000000eb000000)
  object space 44032K, 7% used [0x00000000c1000000,0x00000000c130b978,0x00000000c3b00000)
 Metaspace       used 15397K, capacity 15546K, committed 15616K, reserved 1062912K
  class space    used 1749K, capacity 1787K, committed 1792K, reserved 1048576K
Event: 2.772 GC heap after
Heap after GC invocations=5 (full 0):
 PSYoungGen      total 35328K, used 2542K [0x00000000eb000000, 0x00000000efe00000, 0x0000000100000000)
  eden space 32768K, 0% used [0x00000000eb000000,0x00000000eb000000,0x00000000ed000000)
  from space 2560K, 99% used [0x00000000ed000000,0x00000000ed27bad0,0x00000000ed280000)
  to   space 7168K, 0% used [0x00000000ef700000,0x00000000ef700000,0x00000000efe00000)
 ParOldGen       total 44032K, used 8100K [0x00000000c1000000, 0x00000000c3b00000, 0x00000000eb000000)
  object space 44032K, 18% used [0x00000000c1000000,0x00000000c17e9200,0x00000000c3b00000)
 Metaspace       used 15397K, capacity 15546K, committed 15616K, reserved 1062912K
  class space    used 1749K, capacity 1787K, committed 1792K, reserved 1048576K
}
Event: 3.352 GC heap before
{Heap before GC invocations=6 (full 0):
 PSYoungGen      total 35328K, used 35310K [0x00000000eb000000, 0x00000000efe00000, 0x0000000100000000)
  eden space 32768K, 100% used [0x00000000eb000000,0x00000000ed000000,0x00000000ed000000)
  from space 2560K, 99% used [0x00000000ed000000,0x00000000ed27bad0,0x00000000ed280000)
  to   space 7168K, 0% used [0x00000000ef700000,0x00000000ef700000,0x00000000efe00000)
 ParOldGen       total 44032K, used 8100K [0x00000000c1000000, 0x00000000c3b00000, 0x00000000eb000000)
  object space 44032K, 18% used [0x00000000c1000000,0x00000000c17e9200,0x00000000c3b00000)
 Metaspace       used 19157K, capacity 19322K, committed 19584K, reserved 1067008K
  class space    used 2300K, capacity 2361K, committed 2432K, reserved 1048576K
Event: 3.365 GC heap after
Heap after GC invocations=6 (full 0):
 PSYoungGen      total 72192K, used 5653K [0x00000000eb000000, 0x00000000eff00000, 0x0000000100000000)
  eden space 65024K, 0% used [0x00000000eb000000,0x00000000eb000000,0x00000000eef80000)
  from space 7168K, 78% used [0x00000000ef700000,0x00000000efc85740,0x00000000efe00000)
  to   space 7680K, 0% used [0x00000000eef80000,0x00000000eef80000,0x00000000ef700000)
 ParOldGen       total 44032K, used 8100K [0x00000000c1000000, 0x00000000c3b00000, 0x00000000eb000000)
  object space 44032K, 18% used [0x00000000c1000000,0x00000000c17e9200,0x00000000c3b00000)
 Metaspace       used 19157K, capacity 19322K, committed 19584K, reserved 1067008K
  class space    used 2300K, capacity 2361K, committed 2432K, reserved 1048576K
}
Event: 3.727 GC heap before
{Heap before GC invocations=7 (full 0):
 PSYoungGen      total 72192K, used 23739K [0x00000000eb000000, 0x00000000eff00000, 0x0000000100000000)
  eden space 65024K, 27% used [0x00000000eb000000,0x00000000ec1a9658,0x00000000eef80000)
  from space 7168K, 78% used [0x00000000ef700000,0x00000000efc85740,0x00000000efe00000)
  to   space 7680K, 0% used [0x00000000eef80000,0x00000000eef80000,0x00000000ef700000)
 ParOldGen       total 44032K, used 8100K [0x00000000c1000000, 0x00000000c3b00000, 0x00000000eb000000)
  object space 44032K, 18% used [0x00000000c1000000,0x00000000c17e9200,0x00000000c3b00000)
 Metaspace       used 21001K, capacity 21120K, committed 21296K, reserved 1069056K
  class space    used 2582K, capacity 2618K, committed 2688K, reserved 1048576K
Event: 3.740 GC heap after
Heap after GC invocations=7 (full 0):
 PSYoungGen      total 72704K, used 4386K [0x00000000eb000000, 0x00000000f3d00000, 0x0000000100000000)
  eden space 65024K, 0% used [0x00000000eb000000,0x00000000eb000000,0x00000000eef80000)
  from space 7680K, 57% used [0x00000000eef80000,0x00000000ef3c88c8,0x00000000ef700000)
  to   space 7168K, 0% used [0x00000000f3600000,0x00000000f3600000,0x00000000f3d00000)
 ParOldGen       total 44032K, used 8997K [0x00000000c1000000, 0x00000000c3b00000, 0x00000000eb000000)
  object space 44032K, 20% used [0x00000000c1000000,0x00000000c18c9400,0x00000000c3b00000)
 Metaspace       used 21001K, capacity 21120K, committed 21296K, reserved 1069056K
  class space    used 2582K, capacity 2618K, committed 2688K, reserved 1048576K
}
Event: 3.740 GC heap before
{Heap before GC invocations=8 (full 1):
 PSYoungGen      total 72704K, used 4386K [0x00000000eb000000, 0x00000000f3d00000, 0x0000000100000000)
  eden space 65024K, 0% used [0x00000000eb000000,0x00000000eb000000,0x00000000eef80000)
  from space 7680K, 57% used [0x00000000eef80000,0x00000000ef3c88c8,0x00000000ef700000)
  to   space 7168K, 0% used [0x00000000f3600000,0x00000000f3600000,0x00000000f3d00000)
 ParOldGen       total 44032K, used 8997K [0x00000000c1000000, 0x00000000c3b00000, 0x00000000eb000000)
  object space 44032K, 20% used [0x00000000c1000000,0x00000000c18c9400,0x00000000c3b00000)
 Metaspace       used 21001K, capacity 21120K, committed 21296K, reserved 1069056K
  class space    used 2582K, capacity 2618K, committed 2688K, reserved 1048576K
Event: 3.808 GC heap after
Heap after GC invocations=8 (full 1):
 PSYoungGen      total 72704K, used 0K [0x00000000eb000000, 0x00000000f3d00000, 0x0000000100000000)
  eden space 65024K, 0% used [0x00000000eb000000,0x00000000eb000000,0x00000000eef80000)
  from space 7680K, 0% used [0x00000000eef80000,0x00000000eef80000,0x00000000ef700000)
  to   space 7168K, 0% used [0x00000000f3600000,0x00000000f3600000,0x00000000f3d00000)
 ParOldGen       total 37376K, used 9966K [0x00000000c1000000, 0x00000000c3480000, 0x00000000eb000000)
  object space 37376K, 26% used [0x00000000c1000000,0x00000000c19bb910,0x00000000c3480000)
 Metaspace       used 21001K, capacity 21120K, committed 21296K, reserved 1069056K
  class space    used 2582K, capacity 2618K, committed 2688K, reserved 1048576K
}
Event: 5.053 GC heap before
{Heap before GC invocations=9 (full 1):
 PSYoungGen      total 72704K, used 65024K [0x00000000eb000000, 0x00000000f3d00000, 0x0000000100000000)
  eden space 65024K, 100% used [0x00000000eb000000,0x00000000eef80000,0x00000000eef80000)
  from space 7680K, 0% used [0x00000000eef80000,0x00000000eef80000,0x00000000ef700000)
  to   space 7168K, 0% used [0x00000000f3600000,0x00000000f3600000,0x00000000f3d00000)
 ParOldGen       total 37376K, used 9966K [0x00000000c1000000, 0x00000000c3480000, 0x00000000eb000000)
  object space 37376K, 26% used [0x00000000c1000000,0x00000000c19bb910,0x00000000c3480000)
 Metaspace       used 26530K, capacity 26676K, committed 26752K, reserved 1073152K
  class space    used 3351K, capacity 3421K, committed 3456K, reserved 1048576K
Event: 5.066 GC heap after
Heap after GC invocations=9 (full 1):
 PSYoungGen      total 105472K, used 5986K [0x00000000eb000000, 0x00000000f3c00000, 0x0000000100000000)
  eden space 99328K, 0% used [0x00000000eb000000,0x00000000eb000000,0x00000000f1100000)
  from space 6144K, 97% used [0x00000000f3600000,0x00000000f3bd8950,0x00000000f3c00000)
  to   space 7680K, 0% used [0x00000000f2d00000,0x00000000f2d00000,0x00000000f3480000)
 ParOldGen       total 37376K, used 9974K [0x00000000c1000000, 0x00000000c3480000, 0x00000000eb000000)
  object space 37376K, 26% used [0x00000000c1000000,0x00000000c19bd910,0x00000000c3480000)
 Metaspace       used 26530K, capacity 26676K, committed 26752K, reserved 1073152K
  class space    used 3351K, capacity 3421K, committed 3456K, reserved 1048576K
}

