# JRE version: Java(TM) SE Runtime Environment (8.0_51-b16) (build 1.8.0_51-b16)
# Java VM: Java HotSpot(TM) 64-Bit Server VM (25.51-b03 mixed mode windows-amd64 compressed oops)
Heap:
 PSYoungGen      total 159744K, used 42875K [0x0000000760000000, 0x000000076a800000, 0x00000007c0000000)
  eden space 147456K, 20% used [0x0000000760000000,0x0000000761de2eb0,0x0000000769000000)
  from space 12288K, 99% used [0x0000000769c00000,0x000000076a7fc030,0x000000076a800000)
  to   space 12288K, 0% used [0x0000000769000000,0x0000000769000000,0x0000000769c00000)
 ParOldGen       total 196608K, used 1850K [0x00000006a0000000, 0x00000006ac000000, 0x0000000760000000)
  object space 196608K, 0% used [0x00000006a0000000,0x00000006a01ceae8,0x00000006ac000000)
 Metaspace       used 16512K, capacity 16836K, committed 17152K, reserved 1064960K
  class space    used 1821K, capacity 1922K, committed 2048K, reserved 1048576K
GC Heap History (8 events):
Event: 0.737 GC heap before
{Heap before GC invocations=1 (full 0):
 PSYoungGen      total 86016K, used 73728K [0x0000000760000000, 0x0000000766000000, 0x00000007c0000000)
  eden space 73728K, 100% used [0x0000000760000000,0x0000000764800000,0x0000000764800000)
  from space 12288K, 0% used [0x0000000765400000,0x0000000765400000,0x0000000766000000)
  to   space 12288K, 0% used [0x0000000764800000,0x0000000764800000,0x0000000765400000)
 ParOldGen       total 196608K, used 0K [0x00000006a0000000, 0x00000006ac000000, 0x0000000760000000)
  object space 196608K, 0% used [0x00000006a0000000,0x00000006a0000000,0x00000006ac000000)
 Metaspace       used 7748K, capacity 7874K, committed 8064K, reserved 1056768K
  class space    used 812K, capacity 857K, committed 896K, reserved 1048576K
Event: 0.744 GC heap after
Heap after GC invocations=1 (full 0):
 PSYoungGen      total 86016K, used 3986K [0x0000000760000000, 0x0000000766000000, 0x00000007c0000000)
  eden space 73728K, 0% used [0x0000000760000000,0x0000000760000000,0x0000000764800000)
  from space 12288K, 32% used [0x0000000764800000,0x0000000764be49a0,0x0000000765400000)
  to   space 12288K, 0% used [0x0000000765400000,0x0000000765400000,0x0000000766000000)
 ParOldGen       total 196608K, used 16K [0x00000006a0000000, 0x00000006ac000000, 0x0000000760000000)
  object space 196608K, 0% used [0x00000006a0000000,0x00000006a0004000,0x00000006ac000000)
 Metaspace       used 7748K, capacity 7874K, committed 8064K, reserved 1056768K
  class space    used 812K, capacity 857K, committed 896K, reserved 1048576K
}
Event: 1.621 GC heap before
{Heap before GC invocations=2 (full 0):
 PSYoungGen      total 86016K, used 77714K [0x0000000760000000, 0x0000000766000000, 0x00000007c0000000)
  eden space 73728K, 100% used [0x0000000760000000,0x0000000764800000,0x0000000764800000)
  from space 12288K, 32% used [0x0000000764800000,0x0000000764be49a0,0x0000000765400000)
  to   space 12288K, 0% used [0x0000000765400000,0x0000000765400000,0x0000000766000000)
 ParOldGen       total 196608K, used 16K [0x00000006a0000000, 0x00000006ac000000, 0x0000000760000000)
  object space 196608K, 0% used [0x00000006a0000000,0x00000006a0004000,0x00000006ac000000)
 Metaspace       used 11155K, capacity 11344K, committed 11648K, reserved 1058816K
  class space    used 1265K, capacity 1350K, committed 1408K, reserved 1048576K
Event: 1.695 GC heap after
Heap after GC invocations=2 (full 0):
 PSYoungGen      total 86016K, used 6667K [0x0000000760000000, 0x000000076a800000, 0x00000007c0000000)
  eden space 73728K, 0% used [0x0000000760000000,0x0000000760000000,0x0000000764800000)
  from space 12288K, 54% used [0x0000000765400000,0x0000000765a82e00,0x0000000766000000)
  to   space 12288K, 0% used [0x0000000764800000,0x0000000764800000,0x0000000765400000)
 ParOldGen       total 196608K, used 24K [0x00000006a0000000, 0x00000006ac000000, 0x0000000760000000)
  object space 196608K, 0% used [0x00000006a0000000,0x00000006a0006000,0x00000006ac000000)
 Metaspace       used 11155K, capacity 11344K, committed 11648K, reserved 1058816K
  class space    used 1265K, capacity 1350K, committed 1408K, reserved 1048576K
}
Event: 2.774 GC heap before
{Heap before GC invocations=3 (full 0):
 PSYoungGen      total 86016K, used 80395K [0x0000000760000000, 0x000000076a800000, 0x00000007c0000000)
  eden space 73728K, 100% used [0x0000000760000000,0x0000000764800000,0x0000000764800000)
  from space 12288K, 54% used [0x0000000765400000,0x0000000765a82e00,0x0000000766000000)
  to   space 12288K, 0% used [0x0000000764800000,0x0000000764800000,0x0000000765400000)
 ParOldGen       total 196608K, used 24K [0x00000006a0000000, 0x00000006ac000000, 0x0000000760000000)
  object space 196608K, 0% used [0x00000006a0000000,0x00000006a0006000,0x00000006ac000000)
 Metaspace       used 14998K, capacity 15252K, committed 15360K, reserved 1062912K
  class space    used 1699K, capacity 1782K, committed 1792K, reserved 1048576K
Event: 2.797 GC heap after
Heap after GC invocations=3 (full 0):
 PSYoungGen      total 86016K, used 10333K [0x0000000760000000, 0x000000076a800000, 0x00000007c0000000)
  eden space 73728K, 0% used [0x0000000760000000,0x0000000760000000,0x0000000764800000)
  from space 12288K, 84% used [0x0000000764800000,0x0000000765217580,0x0000000765400000)
  to   space 12288K, 0% used [0x0000000769c00000,0x0000000769c00000,0x000000076a800000)
 ParOldGen       total 196608K, used 32K [0x00000006a0000000, 0x00000006ac000000, 0x0000000760000000)
  object space 196608K, 0% used [0x00000006a0000000,0x00000006a0008000,0x00000006ac000000)
 Metaspace       used 14998K, capacity 15252K, committed 15360K, reserved 1062912K
  class space    used 1699K, capacity 1782K, committed 1792K, reserved 1048576K
}
Event: 3.859 GC heap before
{Heap before GC invocations=4 (full 0):
 PSYoungGen      total 86016K, used 84061K [0x0000000760000000, 0x000000076a800000, 0x00000007c0000000)
  eden space 73728K, 100% used [0x0000000760000000,0x0000000764800000,0x0000000764800000)
  from space 12288K, 84% used [0x0000000764800000,0x0000000765217580,0x0000000765400000)
  to   space 12288K, 0% used [0x0000000769c00000,0x0000000769c00000,0x000000076a800000)
 ParOldGen       total 196608K, used 32K [0x00000006a0000000, 0x00000006ac000000, 0x0000000760000000)
  object space 196608K, 0% used [0x00000006a0000000,0x00000006a0008000,0x00000006ac000000)
 Metaspace       used 15824K, capacity 16044K, committed 16256K, reserved 1062912K
  class space    used 1748K, capacity 1850K, committed 1920K, reserved 1048576K
Event: 3.882 GC heap after
Heap after GC invocations=4 (full 0):
 PSYoungGen      total 159744K, used 12272K [0x0000000760000000, 0x000000076a800000, 0x00000007c0000000)
  eden space 147456K, 0% used [0x0000000760000000,0x0000000760000000,0x0000000769000000)
  from space 12288K, 99% used [0x0000000769c00000,0x000000076a7fc030,0x000000076a800000)
  to   space 12288K, 0% used [0x0000000769000000,0x0000000769000000,0x0000000769c00000)
 ParOldGen       total 196608K, used 1850K [0x00000006a0000000, 0x00000006ac000000, 0x0000000760000000)
  object space 196608K, 0% used [0x00000006a0000000,0x00000006a01ceae8,0x00000006ac000000)
 Metaspace       used 15824K, capacity 16044K, committed 16256K, reserved 1062912K
  class space    used 1748K, capacity 1850K, committed 1920K, reserved 1048576K
}

