# JRE version: Java(TM) SE Runtime Environment (8.0_51-b16) (build 1.8.0_51-b16)
# Java VM: Java HotSpot(TM) 64-Bit Server VM (25.51-b03 mixed mode windows-amd64 compressed oops)
Heap:
 PSYoungGen      total 159744K, used 41528K [0x0000000760000000, 0x000000076a800000, 0x00000007c0000000)
  eden space 147456K, 19% used [0x0000000760000000,0x0000000761c92310,0x0000000769000000)
  from space 12288K, 99% used [0x0000000769c00000,0x000000076a7fc030,0x000000076a800000)
  to   space 12288K, 0% used [0x0000000769000000,0x0000000769000000,0x0000000769c00000)
 ParOldGen       total 196608K, used 1728K [0x00000006a0000000, 0x00000006ac000000, 0x0000000760000000)
  object space 196608K, 0% used [0x00000006a0000000,0x00000006a01b01e0,0x00000006ac000000)
 Metaspace       used 16496K, capacity 16772K, committed 17152K, reserved 1064960K
  class space    used 1821K, capacity 1922K, committed 2048K, reserved 1048576K
GC Heap History (8 events):
Event: 0.859 GC heap before
{Heap before GC invocations=1 (full 0):
 PSYoungGen      total 86016K, used 73728K [0x0000000760000000, 0x0000000766000000, 0x00000007c0000000)
  eden space 73728K, 100% used [0x0000000760000000,0x0000000764800000,0x0000000764800000)
  from space 12288K, 0% used [0x0000000765400000,0x0000000765400000,0x0000000766000000)
  to   space 12288K, 0% used [0x0000000764800000,0x0000000764800000,0x0000000765400000)
 ParOldGen       total 196608K, used 0K [0x00000006a0000000, 0x00000006ac000000, 0x0000000760000000)
  object space 196608K, 0% used [0x00000006a0000000,0x00000006a0000000,0x00000006ac000000)
 Metaspace       used 7739K, capacity 7874K, committed 8064K, reserved 1056768K
  class space    used 813K, capacity 857K, committed 896K, reserved 1048576K
Event: 0.863 GC heap after
Heap after GC invocations=1 (full 0):
 PSYoungGen      total 86016K, used 4100K [0x0000000760000000, 0x0000000766000000, 0x00000007c0000000)
  eden space 73728K, 0% used [0x0000000760000000,0x0000000760000000,0x0000000764800000)
  from space 12288K, 33% used [0x0000000764800000,0x0000000764c013c0,0x0000000765400000)
  to   space 12288K, 0% used [0x0000000765400000,0x0000000765400000,0x0000000766000000)
 ParOldGen       total 196608K, used 16K [0x00000006a0000000, 0x00000006ac000000, 0x0000000760000000)
  object space 196608K, 0% used [0x00000006a0000000,0x00000006a0004000,0x00000006ac000000)
 Metaspace       used 7739K, capacity 7874K, committed 8064K, reserved 1056768K
  class space    used 813K, capacity 857K, committed 896K, reserved 1048576K
}
Event: 1.710 GC heap before
{Heap before GC invocations=2 (full 0):
 PSYoungGen      total 86016K, used 77828K [0x0000000760000000, 0x0000000766000000, 0x00000007c0000000)
  eden space 73728K, 100% used [0x0000000760000000,0x0000000764800000,0x0000000764800000)
  from space 12288K, 33% used [0x0000000764800000,0x0000000764c013c0,0x0000000765400000)
  to   space 12288K, 0% used [0x0000000765400000,0x0000000765400000,0x0000000766000000)
 ParOldGen       total 196608K, used 16K [0x00000006a0000000, 0x00000006ac000000, 0x0000000760000000)
  object space 196608K, 0% used [0x00000006a0000000,0x00000006a0004000,0x00000006ac000000)
 Metaspace       used 11178K, capacity 11380K, committed 11648K, reserved 1058816K
  class space    used 1254K, capacity 1318K, committed 1408K, reserved 1048576K
Event: 1.728 GC heap after
Heap after GC invocations=2 (full 0):
 PSYoungGen      total 86016K, used 6672K [0x0000000760000000, 0x000000076a800000, 0x00000007c0000000)
  eden space 73728K, 0% used [0x0000000760000000,0x0000000760000000,0x0000000764800000)
  from space 12288K, 54% used [0x0000000765400000,0x0000000765a842d8,0x0000000766000000)
  to   space 12288K, 0% used [0x0000000764800000,0x0000000764800000,0x0000000765400000)
 ParOldGen       total 196608K, used 24K [0x00000006a0000000, 0x00000006ac000000, 0x0000000760000000)
  object space 196608K, 0% used [0x00000006a0000000,0x00000006a0006000,0x00000006ac000000)
 Metaspace       used 11178K, capacity 11380K, committed 11648K, reserved 1058816K
  class space    used 1254K, capacity 1318K, committed 1408K, reserved 1048576K
}
Event: 2.816 GC heap before
{Heap before GC invocations=3 (full 0):
 PSYoungGen      total 86016K, used 80400K [0x0000000760000000, 0x000000076a800000, 0x00000007c0000000)
  eden space 73728K, 100% used [0x0000000760000000,0x0000000764800000,0x0000000764800000)
  from space 12288K, 54% used [0x0000000765400000,0x0000000765a842d8,0x0000000766000000)
  to   space 12288K, 0% used [0x0000000764800000,0x0000000764800000,0x0000000765400000)
 ParOldGen       total 196608K, used 24K [0x00000006a0000000, 0x00000006ac000000, 0x0000000760000000)
  object space 196608K, 0% used [0x00000006a0000000,0x00000006a0006000,0x00000006ac000000)
 Metaspace       used 14966K, capacity 15124K, committed 15360K, reserved 1062912K
  class space    used 1697K, capacity 1782K, committed 1792K, reserved 1048576K
Event: 2.827 GC heap after
Heap after GC invocations=3 (full 0):
 PSYoungGen      total 86016K, used 10243K [0x0000000760000000, 0x000000076a800000, 0x00000007c0000000)
  eden space 73728K, 0% used [0x0000000760000000,0x0000000760000000,0x0000000764800000)
  from space 12288K, 83% used [0x0000000764800000,0x0000000765200ec0,0x0000000765400000)
  to   space 12288K, 0% used [0x0000000769c00000,0x0000000769c00000,0x000000076a800000)
 ParOldGen       total 196608K, used 32K [0x00000006a0000000, 0x00000006ac000000, 0x0000000760000000)
  object space 196608K, 0% used [0x00000006a0000000,0x00000006a0008000,0x00000006ac000000)
 Metaspace       used 14966K, capacity 15124K, committed 15360K, reserved 1062912K
  class space    used 1697K, capacity 1782K, committed 1792K, reserved 1048576K
}
Event: 4.033 GC heap before
{Heap before GC invocations=4 (full 0):
 PSYoungGen      total 86016K, used 83971K [0x0000000760000000, 0x000000076a800000, 0x00000007c0000000)
  eden space 73728K, 100% used [0x0000000760000000,0x0000000764800000,0x0000000764800000)
  from space 12288K, 83% used [0x0000000764800000,0x0000000765200ec0,0x0000000765400000)
  to   space 12288K, 0% used [0x0000000769c00000,0x0000000769c00000,0x000000076a800000)
 ParOldGen       total 196608K, used 32K [0x00000006a0000000, 0x00000006ac000000, 0x0000000760000000)
  object space 196608K, 0% used [0x00000006a0000000,0x00000006a0008000,0x00000006ac000000)
 Metaspace       used 15794K, capacity 16012K, committed 16256K, reserved 1062912K
  class space    used 1746K, capacity 1818K, committed 1920K, reserved 1048576K
Event: 4.062 GC heap after
Heap after GC invocations=4 (full 0):
 PSYoungGen      total 159744K, used 12272K [0x0000000760000000, 0x000000076a800000, 0x00000007c0000000)
  eden space 147456K, 0% used [0x0000000760000000,0x0000000760000000,0x0000000769000000)
  from space 12288K, 99% used [0x0000000769c00000,0x000000076a7fc030,0x000000076a800000)
  to   space 12288K, 0% used [0x0000000769000000,0x0000000769000000,0x0000000769c00000)
 ParOldGen       total 196608K, used 1728K [0x00000006a0000000, 0x00000006ac000000, 0x0000000760000000)
  object space 196608K, 0% used [0x00000006a0000000,0x00000006a01b01e0,0x00000006ac000000)
 Metaspace       used 15794K, capacity 16012K, committed 16256K, reserved 1062912K
  class space    used 1746K, capacity 1818K, committed 1920K, reserved 1048576K
}

